<?xml version="1.0" encoding="UTF-8"?>
<testsuite name="CountingDuplicateCharactersTest" tests="1" skipped="0" failures="0" errors="0" timestamp="2022-03-29T23:58:43" hostname="Victor-Bendig-MacBook-Pro.local" time="0.014">
  <properties/>
  <testcase name="countDuplicateCharsRecursive()" classname="CountingDuplicateCharactersTest" time="0.014"/>
  <system-out><![CDATA[]]></system-out>
  <system-err><![CDATA[]]></system-err>
</testsuite>
